
     | | | | | | |
   _________________
  -|               |-
  -|               |-
  -|               |-
  -|    CYPRESS    |-
  -|               |-
  -|               |-   Warp VHDL Synthesis Compiler: Version 6.3 IR 35
  -|               |-   Copyright (C) 1991-2001 Cypress Semiconductor
   |_______________|
     | | | | | | |

======================================================================
Compiling:  practica12B.vhd
Options:    -yu -e10 -w100 -o2 -ygs -fP -v10 -dc22v10 -ppalce22v10-15pc -b practica12B.vhd -u prac12b.hie
======================================================================

vhdlfe V6.3 IR 35:  VHDL parser
Wed Jan 27 03:40:41 2021

Library 'work' => directory 'lc22v10'
Linking 'C:\Program Files\Cypress\Warp\bin\std.vhd'.
Linking 'C:\Program Files\Cypress\Warp\lib\common\cypress.vhd'.
Linking 'C:\Program Files\Cypress\Warp\lib\common\work\cypress.vif'.
Library 'ieee' => directory 'C:\Program Files\Cypress\Warp\lib\ieee\work'
Linking 'C:\Program Files\Cypress\Warp\lib\ieee\work\stdlogic.vif'.
Linking 'C:\Program Files\Cypress\Warp\lib\ieee\work\syntocyp.vif'.
Linking 'C:\Program Files\Cypress\Warp\lib\ieee\work\synarith.vif'.
Linking 'C:\Program Files\Cypress\Warp\lib\ieee\work\synusgnd.vif'.
practica12B.vhd (line 73, col 21):  Note: Substituting module 'cmp_vv_us_bl' for '='.
practica12B.vhd (line 75, col 24):  Note: Substituting module 'cmp_vv_us_bl' for '='.
practica12B.vhd (line 77, col 24):  Note: Substituting module 'cmp_vv_us_bl' for '='.

vhdlfe:  No errors.


tovif V6.3 IR 35:  High-level synthesis
Wed Jan 27 03:40:41 2021

Linking 'C:\Program Files\Cypress\Warp\bin\std.vhd'.
Linking 'C:\Program Files\Cypress\Warp\lib\common\cypress.vhd'.
Linking 'C:\Program Files\Cypress\Warp\lib\common\work\cypress.vif'.
Linking 'C:\Program Files\Cypress\Warp\lib\ieee\work\stdlogic.vif'.
Linking 'C:\Program Files\Cypress\Warp\lib\ieee\work\syntocyp.vif'.
Linking 'C:\Program Files\Cypress\Warp\lib\ieee\work\synarith.vif'.
Linking 'C:\Program Files\Cypress\Warp\lib\ieee\work\synusgnd.vif'.
practica12B.vhd (line 74, col 20):  Warning: (W479) 'dato0' should be referenced in the sensitivity list.
practica12B.vhd (line 76, col 20):  Warning: (W479) 'dato1' should be referenced in the sensitivity list.
practica12B.vhd (line 78, col 20):  Warning: (W479) 'dato2' should be referenced in the sensitivity list.
Linking 'C:\Program Files\Cypress\Warp\lib\common\stdlogic\lpmpkg.vif'.
Linking 'C:\Program Files\Cypress\Warp\lib\common\stdlogic\rtlpkg.vif'.
Linking 'C:\Program Files\Cypress\Warp\lib\common\stdlogic\mod_cnst.vif'.
Linking 'C:\Program Files\Cypress\Warp\lib\common\stdlogic\syntocyp.vif'.

tovif:  No errors.  3 warnings.


topld V6.3 IR 35:  Synthesis and optimization
Wed Jan 27 03:40:42 2021

Linking 'C:\Program Files\Cypress\Warp\bin\std.vhd'.
Linking 'C:\Program Files\Cypress\Warp\lib\common\cypress.vhd'.
Linking 'C:\Program Files\Cypress\Warp\lib\common\work\cypress.vif'.
Linking 'C:\Program Files\Cypress\Warp\lib\ieee\work\stdlogic.vif'.
Linking 'C:\Program Files\Cypress\Warp\lib\ieee\work\syntocyp.vif'.
Linking 'C:\Program Files\Cypress\Warp\lib\ieee\work\synarith.vif'.
Linking 'C:\Program Files\Cypress\Warp\lib\ieee\work\synusgnd.vif'.
Linking 'C:\Program Files\Cypress\Warp\lib\common\stdlogic\lpmpkg.vif'.
Linking 'C:\Program Files\Cypress\Warp\lib\common\stdlogic\rtlpkg.vif'.
Linking 'C:\Program Files\Cypress\Warp\lib\common\stdlogic\mod_cnst.vif'.
Linking 'C:\Program Files\Cypress\Warp\lib\common\stdlogic\syntocyp.vif'.
Linking 'C:\Program Files\Cypress\Warp\lib\lc22v10\stdlogic\c22v10.vif'.

----------------------------------------------------------
Detecting unused logic.
----------------------------------------------------------



------------------------------------------------------
Alias Detection
------------------------------------------------------

------------------------------------------------------
Aliased 0 equations, 23 wires.
------------------------------------------------------

----------------------------------------------------------
Circuit simplification
----------------------------------------------------------

----------------------------------------------------------
Circuit simplification results:

	Expanded 27 signals.
	Turned 0 signals into soft nodes.
	Maximum default expansion cost was set at 10.
----------------------------------------------------------

------------------------------------------------------
Alias Detection
------------------------------------------------------

------------------------------------------------------
Aliased 0 equations, 0 wires.
------------------------------------------------------
Created 66 PLD nodes.

topld:  No errors.

----------------------------------------------------------------------------
PLD Optimizer Software:       DSGNOPT.EXE    31/03/2000  [v4.02 ] 6.3 IR 35

DESIGN HEADER INFORMATION  (03:40:43)

Input File(s): practica12B.pla
Device       : C22V10
Package      : palce22v10-15pc
ReportFile   : practica12B.rpt

Program Controls:
    COMMAND LANGUAGE_VHDL 
    COMMAND PROPERTY BUS_HOLD ENABLE 

Signal Requests:
    GROUP USEPOL ALL
    GROUP FAST_SLEW ALL

Completed Successfully  
----------------------------------------------------------------------------
PLD Optimizer Software:       DSGNOPT.EXE    31/03/2000  [v4.02 ] 6.3 IR 35

OPTIMIZATION OPTIONS       (03:40:43)

Messages:
  Information: Optimizing logic using best output polarity for signals:
         display(0) display(1) display(2) display(3) display(4) display(5)
         display(6)

  Information: Selected logic optimization OFF for signals:
         anillo(0).D anillo(0).AP anillo(0).C anillo(1).D anillo(1).AP
         anillo(1).C anillo(2).D anillo(2).AR anillo(2).C



Summary:
                 Error Count = 0      Warning Count = 0

Completed Successfully  
----------------------------------------------------------------------------
PLD Optimizer Software:       MINOPT.EXE     01/NOV/1999  [v4.02 ] 6.3 IR 35

LOGIC MINIMIZATION         ()

Messages:


Summary:
                 Error Count = 0      Warning Count = 0

Completed Successfully
----------------------------------------------------------------------------
PLD Optimizer Software:       DSGNOPT.EXE    31/03/2000  [v4.02 ] 6.3 IR 35

OPTIMIZATION OPTIONS       (03:40:43)

Messages:
  Information: Optimizing Banked Preset/Reset requirements.
  Information: Selecting D register equation as minimal for signal anillo(2)
  Information: Inverting Preset/Reset & output logic polarity for anillo(0).
  Information: Selecting D register equation as minimal for signal anillo(0)
  Information: Inverting Preset/Reset & output logic polarity for anillo(1).
  Information: Selecting D register equation as minimal for signal anillo(1)
  Information: Optimizing logic without changing polarity for signals:
         display(0) display(1) display(2) display(3) display(4) display(5)
         display(6)

  Information: Selected logic optimization OFF for signals:
         anillo(0).D anillo(0).AR anillo(0).SP anillo(0).C anillo(1).D
         anillo(1).AR anillo(1).SP anillo(1).C anillo(2).D anillo(2).AR
         anillo(2).SP anillo(2).C



Summary:
                 Error Count = 0      Warning Count = 0

Completed Successfully  
----------------------------------------------------------------------------
PLD Optimizer Software:       MINOPT.EXE     01/NOV/1999  [v4.02 ] 6.3 IR 35

LOGIC MINIMIZATION         ()

Messages:


Summary:
                 Error Count = 0      Warning Count = 0

Completed Successfully
----------------------------------------------------------------------------
PLD Optimizer Software:       DSGNOPT.EXE    31/03/2000  [v4.02 ] 6.3 IR 35

OPTIMIZATION OPTIONS       (03:40:43)

Messages:


Summary:
                 Error Count = 0      Warning Count = 0

Completed Successfully  
----------------------------------------------------------------------------
PLD Compiler Software:        PLA2JED.EXE    31/03/2000  [v4.02 ] 6.3 IR 35

<CYPRESSTAG name="Equations" icon=FILE_RPT_EQUATION>
DESIGN EQUATIONS           (03:40:43)
</CYPRESSTAG>

    /anillo(0).D =
          /anillo(1).Q 

    anillo(0).AR =
          clr 

    anillo(0).SP =
          GND

    anillo(0).C =
          clk 

    /anillo(1).D =
          /anillo(2).Q 

    anillo(1).AR =
          clr 

    anillo(1).SP =
          GND

    anillo(1).C =
          clk 

    anillo(2).D =
          anillo(0).Q 

    anillo(2).AR =
          clr 

    anillo(2).SP =
          GND

    anillo(2).C =
          clk 

    /display(0) =
          anillo(0).Q * anillo(1).Q * /anillo(2).Q * dir(0) * dir(1) 
        + anillo(0).Q * /anillo(1).Q * anillo(2).Q * /dir(0) * dir(1) 
        + /anillo(0).Q * anillo(1).Q * anillo(2).Q * dir(0) * /dir(1) 
        + anillo(0).Q * anillo(1).Q * anillo(2).Q * /display(0) 
        + /anillo(0).Q * /anillo(1).Q * /display(0) 
        + /anillo(0).Q * /anillo(2).Q * /display(0) 
        + /anillo(1).Q * /anillo(2).Q * /display(0) 

    display(1) =
          /anillo(0).Q * anillo(1).Q * anillo(2).Q * dir(0) * /dir(1) * 
          dir(2) 
        + anillo(0).Q * /anillo(1).Q * anillo(2).Q * dir(0) * dir(1) * 
          /dir(2) 
        + anillo(0).Q * anillo(1).Q * /anillo(2).Q * dir(0) * dir(2) 
        + anillo(0).Q * /anillo(1).Q * anillo(2).Q * /dir(0) * dir(2) 
        + anillo(0).Q * anillo(1).Q * /anillo(2).Q * /dir(1) * dir(2) 
        + /anillo(0).Q * anillo(1).Q * anillo(2).Q * dir(1) * /dir(2) 
        + anillo(0).Q * anillo(1).Q * anillo(2).Q * display(1) 
        + /anillo(0).Q * /anillo(1).Q * display(1) 
        + /anillo(0).Q * /anillo(2).Q * display(1) 
        + /anillo(1).Q * /anillo(2).Q * display(1) 

    display(2) =
          /anillo(0).Q * anillo(1).Q * anillo(2).Q * dir(0) * dir(1) * 
          /dir(2) 
        + anillo(0).Q * anillo(1).Q * /anillo(2).Q * dir(0) * dir(2) 
        + anillo(0).Q * /anillo(1).Q * anillo(2).Q * /dir(0) * dir(2) 
        + anillo(0).Q * anillo(1).Q * /anillo(2).Q * /dir(0) * dir(1) 
        + /anillo(0).Q * anillo(1).Q * anillo(2).Q * /dir(1) * dir(2) 
        + anillo(0).Q * /anillo(1).Q * anillo(2).Q * dir(0) * /dir(1) 
        + /anillo(0).Q * anillo(1).Q * anillo(2).Q * /dir(0) * /dir(1) 
        + anillo(0).Q * anillo(1).Q * anillo(2).Q * display(2) 
        + /anillo(0).Q * /anillo(1).Q * display(2) 
        + /anillo(0).Q * /anillo(2).Q * display(2) 
        + /anillo(1).Q * /anillo(2).Q * display(2) 

    display(3) =
          /anillo(0).Q * anillo(1).Q * anillo(2).Q * dir(0) * /dir(1) * 
          dir(2) 
        + anillo(0).Q * anillo(1).Q * /anillo(2).Q * /dir(0) * dir(1) * 
          /dir(2) 
        + anillo(0).Q * anillo(1).Q * /anillo(2).Q * dir(0) * dir(2) 
        + anillo(0).Q * /anillo(1).Q * anillo(2).Q * /dir(0) * dir(2) 
        + anillo(0).Q * anillo(1).Q * /anillo(2).Q * /dir(1) * dir(2) 
        + /anillo(0).Q * anillo(1).Q * anillo(2).Q * dir(1) * /dir(2) 
        + anillo(0).Q * /anillo(1).Q * anillo(2).Q * dir(0) * /dir(2) 
        + /anillo(0).Q * anillo(1).Q * anillo(2).Q * /dir(0) * /dir(2) 
        + anillo(0).Q * anillo(1).Q * anillo(2).Q * display(3) 
        + /anillo(0).Q * /anillo(1).Q * display(3) 
        + /anillo(0).Q * /anillo(2).Q * display(3) 
        + /anillo(1).Q * /anillo(2).Q * display(3) 

    /display(4) =
          anillo(0).Q * /anillo(1).Q * anillo(2).Q * dir(0) * dir(1) * 
          dir(2) 
        + /anillo(0).Q * anillo(1).Q * anillo(2).Q * dir(1) * dir(2) 
        + /anillo(0).Q * anillo(1).Q * anillo(2).Q * dir(0) * dir(1) 
        + anillo(0).Q * anillo(1).Q * /anillo(2).Q * dir(0) * /dir(1) 
        + anillo(0).Q * /anillo(1).Q * anillo(2).Q * /dir(0) * /dir(1) 
        + anillo(0).Q * anillo(1).Q * /anillo(2).Q * /dir(1) * /dir(2) 
        + anillo(0).Q * anillo(1).Q * anillo(2).Q * /display(4) 
        + /anillo(0).Q * /anillo(1).Q * /display(4) 
        + /anillo(0).Q * /anillo(2).Q * /display(4) 
        + /anillo(1).Q * /anillo(2).Q * /display(4) 

    display(5) =
          anillo(0).Q * /anillo(1).Q * anillo(2).Q * dir(0) * /dir(1) * 
          /dir(2) 
        + anillo(0).Q * anillo(1).Q * /anillo(2).Q * dir(0) * dir(1) 
        + anillo(0).Q * /anillo(1).Q * anillo(2).Q * /dir(0) * dir(1) 
        + /anillo(0).Q * anillo(1).Q * anillo(2).Q * dir(0) * /dir(1) 
        + anillo(0).Q * anillo(1).Q * /anillo(2).Q * dir(1) * /dir(2) 
        + /anillo(0).Q * anillo(1).Q * anillo(2).Q * /dir(1) * /dir(2) 
        + anillo(0).Q * anillo(1).Q * anillo(2).Q * display(5) 
        + /anillo(0).Q * /anillo(1).Q * display(5) 
        + /anillo(0).Q * /anillo(2).Q * display(5) 
        + /anillo(1).Q * /anillo(2).Q * display(5) 

    display(6) =
          anillo(0).Q * /anillo(1).Q * anillo(2).Q * dir(0) * dir(1) * 
          /dir(2) 
        + anillo(0).Q * /anillo(1).Q * anillo(2).Q * /dir(0) * dir(2) 
        + /anillo(0).Q * anillo(1).Q * anillo(2).Q * /dir(1) * dir(2) 
        + anillo(0).Q * /anillo(1).Q * anillo(2).Q * /dir(1) * dir(2) 
        + /anillo(0).Q * anillo(1).Q * anillo(2).Q * dir(1) * /dir(2) 
        + anillo(0).Q * anillo(1).Q * anillo(2).Q * display(6) 
        + anillo(0).Q * anillo(1).Q * /anillo(2).Q * dir(2) 
        + /anillo(0).Q * /anillo(1).Q * display(6) 
        + /anillo(0).Q * /anillo(2).Q * display(6) 
        + /anillo(1).Q * /anillo(2).Q * display(6) 


Completed Successfully  
----------------------------------------------------------------------------
PLD Compiler Software:        PLA2JED.EXE    31/03/2000  [v4.02 ] 6.3 IR 35

DESIGN RULE CHECK          (03:40:43)

Messages:
                 None.


Summary:
                 Error Count = 0      Warning Count = 0

Completed Successfully  
----------------------------------------------------------------------------
PLD Compiler Software:        PLA2JED.EXE    31/03/2000  [v4.02 ] 6.3 IR 35

<CYPRESSTAG name="Pinout" icon=FILE_RPT_PINOUT>
PINOUT INFORMATION   (03:40:43)
</CYPRESSTAG>
Messages:
  Information: Checking for duplicate NODE logic.
                 None.


                                 C22V10
                 __________________________________________
            clk =| 1|                                  |24|* not used       ANILLO: 23, 18, 19
         dir(2) =| 2|                                  |23|= anillo(2)      DISPLAY: 15, 22, 17, 16, 21, 20, 14
         dir(1) =| 3|                                  |22|= display(5)     
         dir(0) =| 4|                                  |21|= display(2)     
            clr =| 5|                                  |20|= display(1)     
       not used *| 6|                                  |19|= anillo(0)      
       not used *| 7|                                  |18|= anillo(1)      
       not used *| 8|                                  |17|= display(4)     
       not used *| 9|                                  |16|= display(3)     
       not used *|10|                                  |15|= display(6)     
       not used *|11|                                  |14|= display(0)     
       not used *|12|                                  |13|* not used       
                 __________________________________________


Summary:
                 Error Count = 0      Warning Count = 0

Completed Successfully  
----------------------------------------------------------------------------
PLD Compiler Software:        PLA2JED.EXE    31/03/2000  [v4.02 ] 6.3 IR 35

<CYPRESSTAG name="Utilization" icon=FILE_RPT_UTILIZATION>
RESOURCE UTILIZATION (03:40:43)
</CYPRESSTAG>
  Information: Macrocell Utilization.

                     Description        Used     Max
                 ______________________________________
                 | Dedicated Inputs   |    4  |   11  |
                 | Clock/Inputs       |    1  |    1  |
                 | I/O Macrocells     |   10  |   10  |
                 ______________________________________
                                          15  /   22   = 68  %


  Information: Output Logic Product Term Utilization.

                  Node#  Output Signal Name  Used   Max
                 ________________________________________
                 | 14  |  display(0)      |   7  |   8  |
                 | 15  |  display(6)      |  10  |  10  |
                 | 16  |  display(3)      |  12  |  12  |
                 | 17  |  display(4)      |  10  |  14  |
                 | 18  |  anillo(1)       |   1  |  16  |
                 | 19  |  anillo(0)       |   1  |  16  |
                 | 20  |  display(1)      |  10  |  14  |
                 | 21  |  display(2)      |  11  |  12  |
                 | 22  |  display(5)      |  10  |  10  |
                 | 23  |  anillo(2)       |   1  |   8  |
                 | 25  |  Unused          |   0  |   1  |
                 ________________________________________
                                             73  / 121   = 60  %


Completed Successfully  
----------------------------------------------------------------------------
PLD Compiler Software:        PLA2JED.EXE    31/03/2000  [v4.02 ] 6.3 IR 35

JEDEC ASSEMBLE             (03:40:43)

Messages:
  Information: Output file 'practica12B.pin' created.
  Information: Output file 'practica12B.jed' created.

  Usercode:    
  Checksum:    9DE6



Summary:
                 Error Count = 0      Warning Count = 0

Completed Successfully at 03:40:43
