
     | | | | | | |
   _________________
  -|               |-
  -|               |-
  -|               |-
  -|    CYPRESS    |-
  -|               |-
  -|               |-   Warp VHDL Synthesis Compiler: Version 6.3 IR 35
  -|               |-   Copyright (C) 1991-2001 Cypress Semiconductor
   |_______________|
     | | | | | | |

======================================================================
Compiling:  Practica11B.vhd
Options:    -yu -e10 -w100 -o2 -ygs -fP -v10 -dc22v10 -ppalce22v10-15pc -b Practica11B.vhd -u Practica11B.hie
======================================================================

vhdlfe V6.3 IR 35:  VHDL parser
Thu Jan 21 08:05:12 2021

Library 'work' => directory 'lc22v10'
Linking 'C:\Archivos de programa\Cypress\Warp\bin\std.vhd'.
Linking 'C:\Archivos de programa\Cypress\Warp\lib\common\cypress.vhd'.
Linking 'C:\Archivos de programa\Cypress\Warp\lib\common\work\cypress.vif'.
Library 'ieee' => directory 'C:\Archivos de programa\Cypress\Warp\lib\ieee\work'
Linking 'C:\Archivos de programa\Cypress\Warp\lib\ieee\work\stdlogic.vif'.

vhdlfe:  No errors.


tovif V6.3 IR 35:  High-level synthesis
Thu Jan 21 08:05:15 2021

Linking 'C:\Archivos de programa\Cypress\Warp\bin\std.vhd'.
Linking 'C:\Archivos de programa\Cypress\Warp\lib\common\cypress.vhd'.
Linking 'C:\Archivos de programa\Cypress\Warp\lib\common\work\cypress.vif'.
Linking 'C:\Archivos de programa\Cypress\Warp\lib\ieee\work\stdlogic.vif'.

tovif:  No errors.


topld V6.3 IR 35:  Synthesis and optimization
Thu Jan 21 08:05:15 2021

Linking 'C:\Archivos de programa\Cypress\Warp\bin\std.vhd'.
Linking 'C:\Archivos de programa\Cypress\Warp\lib\common\cypress.vhd'.
Linking 'C:\Archivos de programa\Cypress\Warp\lib\common\work\cypress.vif'.
Linking 'C:\Archivos de programa\Cypress\Warp\lib\ieee\work\stdlogic.vif'.

----------------------------------------------------------
Detecting unused logic.
----------------------------------------------------------



------------------------------------------------------
Alias Detection
------------------------------------------------------

------------------------------------------------------
Aliased 0 equations, 5 wires.
------------------------------------------------------

----------------------------------------------------------
Circuit simplification
----------------------------------------------------------

----------------------------------------------------------
Circuit simplification results:

	Expanded 1 signals.
	Turned 0 signals into soft nodes.
	Maximum default expansion cost was set at 10.
----------------------------------------------------------

------------------------------------------------------
Alias Detection
------------------------------------------------------

------------------------------------------------------
Aliased 0 equations, 0 wires.
------------------------------------------------------
Created 24 PLD nodes.

topld:  No errors.

----------------------------------------------------------------------------
PLD Optimizer Software:       DSGNOPT.EXE    31/03/2000  [v4.02 ] 6.3 IR 35

DESIGN HEADER INFORMATION  (08:05:17)

Input File(s): Practica11B.pla
Device       : C22V10
Package      : palce22v10-15pc
ReportFile   : Practica11B.rpt

Program Controls:
    COMMAND LANGUAGE_VHDL 
    COMMAND PROPERTY BUS_HOLD ENABLE 

Signal Requests:
    GROUP USEPOL ALL
    GROUP FAST_SLEW ALL

Completed Successfully  
----------------------------------------------------------------------------
PLD Optimizer Software:       DSGNOPT.EXE    31/03/2000  [v4.02 ] 6.3 IR 35

OPTIMIZATION OPTIONS       (08:05:17)

Messages:
  Information: Process virtual 'edo_0D'edo_0D ... expanded.
  Information: Process virtual 'edo_1D'edo_1D ... expanded.
  Information: Process virtual 'edo_2D'edo_2D ... expanded.
  Information: Process virtual 'edo_0' ... converted to NODE.
  Information: Process virtual 'edo_1' ... converted to NODE.
  Information: Process virtual 'edo_2' ... converted to NODE.
  Information: Optimizing logic using best output polarity for signals:
         display(0) display(1) display(2) display(4) display(5) display(6)
         edo_0.D edo_1.D edo_2.D

  Information: Selected logic optimization OFF for signals:
         display(3) edo_0.AR edo_0.C edo_1.AR edo_1.C edo_2.AR edo_2.C



Summary:
                 Error Count = 0      Warning Count = 0

Completed Successfully  
----------------------------------------------------------------------------
PLD Optimizer Software:       MINOPT.EXE     01/NOV/1999  [v4.02 ] 6.3 IR 35

LOGIC MINIMIZATION         ()

Messages:


Summary:
                 Error Count = 0      Warning Count = 0

Completed Successfully
----------------------------------------------------------------------------
PLD Optimizer Software:       DSGNOPT.EXE    31/03/2000  [v4.02 ] 6.3 IR 35

OPTIMIZATION OPTIONS       (08:05:17)

Messages:
  Information: Optimizing Banked Preset/Reset requirements.


Summary:
                 Error Count = 0      Warning Count = 0

Completed Successfully  
----------------------------------------------------------------------------
PLD Compiler Software:        PLA2JED.EXE    31/03/2000  [v4.02 ] 6.3 IR 35

<CYPRESSTAG name="Equations" icon=FILE_RPT_EQUATION>
DESIGN EQUATIONS           (08:05:17)
</CYPRESSTAG>

    /display(0) =
          ec * /edo_1.Q * /edo_2.Q 

    display(1) =
          ec * /edo_0.Q * /edo_1.Q 
        + ec * edo_2.Q 

    display(2) =
          ec * edo_1.Q * edo_2.Q 
        + ec * /edo_0.Q * /edo_2.Q 

    display(3) =
          display(6) 

    /display(4) =
          /edo_0.Q * edo_1.Q * /edo_2.Q 
        + /ec 

    display(5) =
          ec * /edo_0.Q * /edo_1.Q 
        + ec * /edo_2.Q 

    display(6) =
          ec * /edo_0.Q * /edo_2.Q 
        + ec * edo_0.Q * edo_2.Q 
        + ec * edo_1.Q 

    edo_0.D =
          eb * /edo_0.Q * /edo_1.Q * /lb 
        + eb * /edo_0.Q * /edo_2.Q * /lb 
        + /eb * edo_0.Q * /lb 

    edo_0.AR =
          clr 

    edo_0.SP =
          GND

    edo_0.C =
          clk 

    edo_1.D =
          eb * edo_0.Q * /edo_1.Q * /lb 
        + edo_1.Q * edo_2.Q * /lb 
        + /eb * edo_1.Q * /lb 
        + /edo_0.Q * edo_1.Q * /lb 

    edo_1.AR =
          clr 

    edo_1.SP =
          GND

    edo_1.C =
          clk 

    edo_2.D =
          eb * edo_0.Q * edo_1.Q * /lb 
        + edo_2.Q * /lb 

    edo_2.AR =
          clr 

    edo_2.SP =
          GND

    edo_2.C =
          clk 


Completed Successfully  
----------------------------------------------------------------------------
PLD Compiler Software:        PLA2JED.EXE    31/03/2000  [v4.02 ] 6.3 IR 35

DESIGN RULE CHECK          (08:05:17)

Messages:
                 None.


Summary:
                 Error Count = 0      Warning Count = 0

Completed Successfully  
----------------------------------------------------------------------------
PLD Compiler Software:        PLA2JED.EXE    31/03/2000  [v4.02 ] 6.3 IR 35

<CYPRESSTAG name="Pinout" icon=FILE_RPT_PINOUT>
PINOUT INFORMATION   (08:05:17)
</CYPRESSTAG>
Messages:
  Information: Checking for duplicate NODE logic.
                 None.


                                 C22V10
                 __________________________________________
            clk =| 1|                                  |24|* not used       
             lb =| 2|                                  |23|= (edo_0)        
             eb =| 3|                                  |22|= (edo_2)        
            clr =| 4|                                  |21|= display(4)     
             ec =| 5|                                  |20|= display(1)     
       not used *| 6|                                  |19|= display(0)     
       not used *| 7|                                  |18|= display(3)     
       not used *| 8|                                  |17|= display(2)     
       not used *| 9|                                  |16|= display(5)     
       not used *|10|                                  |15|= display(6)     
       not used *|11|                                  |14|= (edo_1)        
       not used *|12|                                  |13|* not used       
                 __________________________________________


Summary:
                 Error Count = 0      Warning Count = 0

Completed Successfully  
----------------------------------------------------------------------------
PLD Compiler Software:        PLA2JED.EXE    31/03/2000  [v4.02 ] 6.3 IR 35

<CYPRESSTAG name="Utilization" icon=FILE_RPT_UTILIZATION>
RESOURCE UTILIZATION (08:05:17)
</CYPRESSTAG>
  Information: Macrocell Utilization.

                     Description        Used     Max
                 ______________________________________
                 | Dedicated Inputs   |    4  |   11  |
                 | Clock/Inputs       |    1  |    1  |
                 | I/O Macrocells     |   10  |   10  |
                 ______________________________________
                                          15  /   22   = 68  %


  Information: Output Logic Product Term Utilization.

                  Node#  Output Signal Name  Used   Max
                 ________________________________________
                 | 14  |  edo_1           |   4  |   8  |
                 | 15  |  display(6)      |   3  |  10  |
                 | 16  |  display(5)      |   2  |  12  |
                 | 17  |  display(2)      |   2  |  14  |
                 | 18  |  display(3)      |   1  |  16  |
                 | 19  |  display(0)      |   1  |  16  |
                 | 20  |  display(1)      |   2  |  14  |
                 | 21  |  display(4)      |   2  |  12  |
                 | 22  |  edo_2           |   2  |  10  |
                 | 23  |  edo_0           |   3  |   8  |
                 | 25  |  Unused          |   0  |   1  |
                 ________________________________________
                                             22  / 121   = 18  %


Completed Successfully  
----------------------------------------------------------------------------
PLD Compiler Software:        PLA2JED.EXE    31/03/2000  [v4.02 ] 6.3 IR 35

JEDEC ASSEMBLE             (08:05:17)

Messages:
  Information: Output file 'Practica11B.pin' created.
  Information: Output file 'Practica11B.jed' created.

  Usercode:    
  Checksum:    9AEF



Summary:
                 Error Count = 0      Warning Count = 0

Completed Successfully at 08:05:17
