
     | | | | | | |
   _________________
  -|               |-
  -|               |-
  -|               |-
  -|    CYPRESS    |-
  -|               |-
  -|               |-   Warp VHDL Synthesis Compiler: Version 6.3 IR 35
  -|               |-   Copyright (C) 1991-2001 Cypress Semiconductor
   |_______________|
     | | | | | | |

======================================================================
Compiling:  Practica7B.vhd
Options:    -yu -e10 -w100 -o2 -ygs -fP -v10 -dc22v10 -ppalce22v10-15pc -b Practica7B.vhd -u Practica7B.hie
======================================================================

vhdlfe V6.3 IR 35:  VHDL parser
Wed Nov 25 23:39:59 2020

Library 'work' => directory 'lc22v10'
Linking 'C:\Program Files\Cypress\Warp\bin\std.vhd'.
Linking 'C:\Program Files\Cypress\Warp\lib\common\cypress.vhd'.
Linking 'C:\Program Files\Cypress\Warp\lib\common\work\cypress.vif'.
Library 'ieee' => directory 'C:\Program Files\Cypress\Warp\lib\ieee\work'
Linking 'C:\Program Files\Cypress\Warp\lib\ieee\work\stdlogic.vif'.

vhdlfe:  No errors.


tovif V6.3 IR 35:  High-level synthesis
Wed Nov 25 23:40:00 2020

Linking 'C:\Program Files\Cypress\Warp\bin\std.vhd'.
Linking 'C:\Program Files\Cypress\Warp\lib\common\cypress.vhd'.
Linking 'C:\Program Files\Cypress\Warp\lib\common\work\cypress.vif'.
Linking 'C:\Program Files\Cypress\Warp\lib\ieee\work\stdlogic.vif'.

tovif:  No errors.


topld V6.3 IR 35:  Synthesis and optimization
Wed Nov 25 23:40:00 2020

Linking 'C:\Program Files\Cypress\Warp\bin\std.vhd'.
Linking 'C:\Program Files\Cypress\Warp\lib\common\cypress.vhd'.
Linking 'C:\Program Files\Cypress\Warp\lib\common\work\cypress.vif'.
Linking 'C:\Program Files\Cypress\Warp\lib\ieee\work\stdlogic.vif'.

----------------------------------------------------------
Detecting unused logic.
----------------------------------------------------------



------------------------------------------------------
Alias Detection
------------------------------------------------------

------------------------------------------------------
Aliased 0 equations, 13 wires.
------------------------------------------------------

----------------------------------------------------------
Circuit simplification
----------------------------------------------------------

----------------------------------------------------------
Circuit simplification results:

	Expanded 0 signals.
	Turned 0 signals into soft nodes.
	Maximum default expansion cost was set at 10.
----------------------------------------------------------
Created 31 PLD nodes.

topld:  No errors.

----------------------------------------------------------------------------
PLD Optimizer Software:       DSGNOPT.EXE    31/03/2000  [v4.02 ] 6.3 IR 35

DESIGN HEADER INFORMATION  (23:40:01)

Input File(s): Practica7B.pla
Device       : C22V10
Package      : palce22v10-15pc
ReportFile   : Practica7B.rpt

Program Controls:
    COMMAND LANGUAGE_VHDL 
    COMMAND PROPERTY BUS_HOLD ENABLE 

Signal Requests:
    GROUP USEPOL ALL
    GROUP FAST_SLEW ALL

Completed Successfully  
----------------------------------------------------------------------------
PLD Optimizer Software:       DSGNOPT.EXE    31/03/2000  [v4.02 ] 6.3 IR 35

OPTIMIZATION OPTIONS       (23:40:01)

Messages:
  Information: Process virtual '\display(0)D\'\display(0)D\ ... expanded.
  Information: Process virtual '\display(1)D\'\display(1)D\ ... expanded.
  Information: Process virtual '\display(2)D\'\display(2)D\ ... expanded.
  Information: Process virtual '\display(3)D\'\display(3)D\ ... expanded.
  Information: Process virtual '\display(4)D\'\display(4)D\ ... expanded.
  Information: Process virtual '\display(5)D\'\display(5)D\ ... expanded.
  Information: Process virtual '\display(6)D\'\display(6)D\ ... expanded.
  Information: Optimizing logic using best output polarity for signals:
         display(0).D display(1).D display(2).D display(3).D display(4).D
         display(5).D display(6).D

  Information: Selected logic optimization OFF for signals:
         display(0).AR display(0).C display(1).AP display(1).C display(2).AP
         display(2).C display(3).AP display(3).C display(4).AP display(4).C
         display(5).AP display(5).C display(6).AP display(6).C



Summary:
                 Error Count = 0      Warning Count = 0

Completed Successfully  
----------------------------------------------------------------------------
PLD Optimizer Software:       MINOPT.EXE     01/NOV/1999  [v4.02 ] 6.3 IR 35

LOGIC MINIMIZATION         ()

Messages:


Summary:
                 Error Count = 0      Warning Count = 0

Completed Successfully
----------------------------------------------------------------------------
PLD Optimizer Software:       DSGNOPT.EXE    31/03/2000  [v4.02 ] 6.3 IR 35

OPTIMIZATION OPTIONS       (23:40:01)

Messages:
  Information: Optimizing Banked Preset/Reset requirements.
  Information: Selecting D register equation as minimal for signal display(0)
  Information: Selecting D register equation as minimal for signal display(2)
  Information: Selecting D register equation as minimal for signal display(3)
  Information: Selecting D register equation as minimal for signal display(4)
  Information: Inverting Preset/Reset & output logic polarity for display(1).
  Information: Selecting D register equation as minimal for signal display(1)
  Information: Inverting Preset/Reset & output logic polarity for display(5).
  Information: Selecting D register equation as minimal for signal display(5)
  Information: Inverting Preset/Reset & output logic polarity for display(6).
  Information: Selecting D register equation as minimal for signal display(6)
  Information: Optimizing logic without changing polarity for signals:
         display(0).D display(1).D display(2).D display(3).D display(4).D
         display(5).D display(6).D

  Information: Selected logic optimization OFF for signals:
         display(0).AR display(0).SP display(0).C display(1).AR display(1).SP
         display(1).C display(2).AR display(2).SP display(2).C display(3).AR
         display(3).SP display(3).C display(4).AR display(4).SP display(4).C
         display(5).AR display(5).SP display(5).C display(6).AR display(6).SP
         display(6).C



Summary:
                 Error Count = 0      Warning Count = 0

Completed Successfully  
----------------------------------------------------------------------------
PLD Optimizer Software:       MINOPT.EXE     01/NOV/1999  [v4.02 ] 6.3 IR 35

LOGIC MINIMIZATION         ()

Messages:


Summary:
                 Error Count = 0      Warning Count = 0

Completed Successfully
----------------------------------------------------------------------------
PLD Optimizer Software:       DSGNOPT.EXE    31/03/2000  [v4.02 ] 6.3 IR 35

OPTIMIZATION OPTIONS       (23:40:01)

Messages:


Summary:
                 Error Count = 0      Warning Count = 0

Completed Successfully  
----------------------------------------------------------------------------
PLD Compiler Software:        PLA2JED.EXE    31/03/2000  [v4.02 ] 6.3 IR 35

<CYPRESSTAG name="Equations" icon=FILE_RPT_EQUATION>
DESIGN EQUATIONS           (23:40:01)
</CYPRESSTAG>

    display(0).D =
          display(3).Q * /display(4).Q * e 
        + display(0).Q * display(5).Q 
        + /display(2).Q * e 
        + display(0).Q * /e 

    display(0).AR =
          clr 

    display(0).SP =
          GND

    display(0).C =
          clk 

    /display(1).D =
          display(2).Q * display(4).Q * /display(5).Q * display(6).Q * e 
        + /display(0).Q * display(2).Q * e 
        + /display(1).Q * display(2).Q * display(6).Q 
        + /display(0).Q * /display(6).Q * e 
        + /display(1).Q * /e 

    display(1).AR =
          clr 

    display(1).SP =
          GND

    display(1).C =
          clk 

    /display(2).D =
          display(2).Q * display(3).Q * display(4).Q * display(6).Q * e 
        + /display(1).Q * display(2).Q * display(3).Q * display(6).Q * e 
        + display(0).Q * /display(1).Q * /display(2).Q 
        + display(0).Q * /display(2).Q * /display(3).Q 
        + /display(2).Q * /e 

    display(2).AR =
          clr 

    display(2).SP =
          GND

    display(2).C =
          clk 

    /display(3).D =
          /display(0).Q * display(3).Q * display(4).Q * display(5).Q * 
          display(6).Q * e 
        + display(0).Q * /display(2).Q * display(3).Q * display(5).Q * 
          display(6).Q * e 
        + display(2).Q * display(3).Q * display(4).Q * /display(5).Q * 
          display(6).Q * e 
        + display(0).Q * display(2).Q * display(3).Q * /display(5).Q * 
          display(6).Q * e 
        + /display(3).Q * /e 

    display(3).AR =
          clr 

    display(3).SP =
          GND

    display(3).C =
          clk 

    /display(4).D =
          display(0).Q * display(3).Q * display(4).Q * /display(6).Q * e 
        + /display(0).Q * /display(1).Q * display(4).Q * /display(6).Q * e 
        + display(0).Q * display(1).Q * display(3).Q * /display(4).Q 
        + /display(4).Q * /e 

    display(4).AR =
          clr 

    display(4).SP =
          GND

    display(4).C =
          clk 

    /display(5).D =
          display(0).Q * /display(3).Q * display(4).Q * e 
        + display(0).Q * /display(2).Q * display(4).Q * /display(5).Q 
        + display(0).Q * display(3).Q * /display(4).Q * /display(5).Q 
        + display(0).Q * display(3).Q * /display(6).Q * e 
        + /display(5).Q * /e 

    display(5).AR =
          clr 

    display(5).SP =
          GND

    display(5).C =
          clk 

    /display(6).D =
          /display(1).Q * /display(2).Q * display(3).Q * display(4).Q * e 
        + /display(0).Q * /display(1).Q * display(3).Q * e 
        + display(2).Q * /display(3).Q * display(4).Q * e 
        + /display(0).Q * display(2).Q * e 
        + /display(2).Q * display(3).Q * /display(6).Q 
        + display(2).Q * /display(3).Q * /display(6).Q 
        + /display(6).Q * /e 

    display(6).AR =
          clr 

    display(6).SP =
          GND

    display(6).C =
          clk 


Completed Successfully  
----------------------------------------------------------------------------
PLD Compiler Software:        PLA2JED.EXE    31/03/2000  [v4.02 ] 6.3 IR 35

DESIGN RULE CHECK          (23:40:01)

Messages:
                 None.


Summary:
                 Error Count = 0      Warning Count = 0

Completed Successfully  
----------------------------------------------------------------------------
PLD Compiler Software:        PLA2JED.EXE    31/03/2000  [v4.02 ] 6.3 IR 35

<CYPRESSTAG name="Pinout" icon=FILE_RPT_PINOUT>
PINOUT INFORMATION   (23:40:01)
</CYPRESSTAG>
Messages:
  Information: Checking for duplicate NODE logic.
                 None.


                                 C22V10
                 __________________________________________
            clk =| 1|                                  |24|* not used       
              e =| 2|                                  |23|= display(5)     
            clr =| 3|                                  |22|= display(2)     
       not used *| 4|                                  |21|= display(4)     
       not used *| 5|                                  |20|* not used       
       not used *| 6|                                  |19|* not used       
       not used *| 7|                                  |18|* not used       
       not used *| 8|                                  |17|= display(0)     
       not used *| 9|                                  |16|= display(1)     
       not used *|10|                                  |15|= display(3)     
       not used *|11|                                  |14|= display(6)     
       not used *|12|                                  |13|* not used       
                 __________________________________________


Summary:
                 Error Count = 0      Warning Count = 0

Completed Successfully  
----------------------------------------------------------------------------
PLD Compiler Software:        PLA2JED.EXE    31/03/2000  [v4.02 ] 6.3 IR 35

<CYPRESSTAG name="Utilization" icon=FILE_RPT_UTILIZATION>
RESOURCE UTILIZATION (23:40:01)
</CYPRESSTAG>
  Information: Macrocell Utilization.

                     Description        Used     Max
                 ______________________________________
                 | Dedicated Inputs   |    2  |   11  |
                 | Clock/Inputs       |    1  |    1  |
                 | I/O Macrocells     |    7  |   10  |
                 ______________________________________
                                          10  /   22   = 45  %


  Information: Output Logic Product Term Utilization.

                  Node#  Output Signal Name  Used   Max
                 ________________________________________
                 | 14  |  display(6)      |   7  |   8  |
                 | 15  |  display(3)      |   5  |  10  |
                 | 16  |  display(1)      |   5  |  12  |
                 | 17  |  display(0)      |   4  |  14  |
                 | 18  |  Unused          |   0  |  16  |
                 | 19  |  Unused          |   0  |  16  |
                 | 20  |  Unused          |   0  |  14  |
                 | 21  |  display(4)      |   4  |  12  |
                 | 22  |  display(2)      |   5  |  10  |
                 | 23  |  display(5)      |   5  |   8  |
                 | 25  |  Unused          |   0  |   1  |
                 ________________________________________
                                             35  / 121   = 28  %


Completed Successfully  
----------------------------------------------------------------------------
PLD Compiler Software:        PLA2JED.EXE    31/03/2000  [v4.02 ] 6.3 IR 35

JEDEC ASSEMBLE             (23:40:01)

Messages:
  Information: Output file 'Practica7B.pin' created.
  Information: Output file 'Practica7B.jed' created.

  Usercode:    
  Checksum:    DA31



Summary:
                 Error Count = 0      Warning Count = 0

Completed Successfully at 23:40:01
