
     | | | | | | |
   _________________
  -|               |-
  -|               |-
  -|               |-
  -|    CYPRESS    |-
  -|               |-
  -|               |-   Warp VHDL Synthesis Compiler: Version 6.3 IR 35
  -|               |-   Copyright (C) 1991-2001 Cypress Semiconductor
   |_______________|
     | | | | | | |

======================================================================
Compiling:  p10-1.vhd
Options:    -yu -e10 -w100 -o2 -ygs -fP -v10 -dc22v10 -ppalce22v10-15pc -b p10-1.vhd -u Practica10-1.hie
======================================================================

vhdlfe V6.3 IR 35:  VHDL parser
Fri Dec 11 14:52:58 2020

Library 'work' => directory 'lc22v10'
Linking 'C:\Program Files\Cypress\Warp\bin\std.vhd'.
Linking 'C:\Program Files\Cypress\Warp\lib\common\cypress.vhd'.
Linking 'C:\Program Files\Cypress\Warp\lib\common\work\cypress.vif'.
Library 'ieee' => directory 'C:\Program Files\Cypress\Warp\lib\ieee\work'
Linking 'C:\Program Files\Cypress\Warp\lib\ieee\work\stdlogic.vif'.
Linking 'C:\Program Files\Cypress\Warp\lib\ieee\work\syntocyp.vif'.
Linking 'C:\Program Files\Cypress\Warp\lib\ieee\work\synarith.vif'.
Linking 'C:\Program Files\Cypress\Warp\lib\ieee\work\synusgnd.vif'.
p10-1.vhd (line 30, col 17):  Note: Substituting module 'cmp_vv_us_bl' for '='.
p10-1.vhd (line 33, col 20):  Note: Substituting module 'cmp_vv_us_bl' for '='.
p10-1.vhd (line 36, col 20):  Note: Substituting module 'cmp_vv_us_bl' for '='.
p10-1.vhd (line 159, col 16):  Note: Substituting module 'cmp_vv_us_bl' for '='.
p10-1.vhd (line 162, col 19):  Note: Substituting module 'cmp_vv_us_bl' for '='.
p10-1.vhd (line 163, col 19):  Note: Substituting module 'cmp_vv_us_bl' for '='.
p10-1.vhd (line 165, col 17):  Note: Substituting module 'add_vi_v_us' for '+'.
p10-1.vhd (line 167, col 17):  Note: Substituting module 'add_vi_v_us' for '+'.
p10-1.vhd (line 169, col 19):  Note: Substituting module 'cmp_vv_us_bl' for '='.
p10-1.vhd (line 170, col 19):  Note: Substituting module 'cmp_vv_us_bl' for '='.
p10-1.vhd (line 172, col 17):  Note: Substituting module 'sub_vi_v_us' for '-'.
p10-1.vhd (line 174, col 17):  Note: Substituting module 'sub_vi_v_us' for '-'.

vhdlfe:  No errors.


tovif V6.3 IR 35:  High-level synthesis
Fri Dec 11 14:52:59 2020

Linking 'C:\Program Files\Cypress\Warp\bin\std.vhd'.
Linking 'C:\Program Files\Cypress\Warp\lib\common\cypress.vhd'.
Linking 'C:\Program Files\Cypress\Warp\lib\common\work\cypress.vif'.
Linking 'C:\Program Files\Cypress\Warp\lib\ieee\work\stdlogic.vif'.
Linking 'C:\Program Files\Cypress\Warp\lib\ieee\work\syntocyp.vif'.
Linking 'C:\Program Files\Cypress\Warp\lib\ieee\work\synarith.vif'.
Linking 'C:\Program Files\Cypress\Warp\lib\ieee\work\synusgnd.vif'.
Linking 'C:\Program Files\Cypress\Warp\lib\common\stdlogic\lpmpkg.vif'.
Linking 'C:\Program Files\Cypress\Warp\lib\common\stdlogic\rtlpkg.vif'.
Linking 'C:\Program Files\Cypress\Warp\lib\common\stdlogic\mod_cnst.vif'.
Linking 'C:\Program Files\Cypress\Warp\lib\common\stdlogic\syntocyp.vif'.

tovif:  No errors.


topld V6.3 IR 35:  Synthesis and optimization
Fri Dec 11 14:52:59 2020

Linking 'C:\Program Files\Cypress\Warp\bin\std.vhd'.
Linking 'C:\Program Files\Cypress\Warp\lib\common\cypress.vhd'.
Linking 'C:\Program Files\Cypress\Warp\lib\common\work\cypress.vif'.
Linking 'C:\Program Files\Cypress\Warp\lib\ieee\work\stdlogic.vif'.
Linking 'C:\Program Files\Cypress\Warp\lib\ieee\work\syntocyp.vif'.
Linking 'C:\Program Files\Cypress\Warp\lib\ieee\work\synarith.vif'.
Linking 'C:\Program Files\Cypress\Warp\lib\ieee\work\synusgnd.vif'.
Linking 'C:\Program Files\Cypress\Warp\lib\common\stdlogic\lpmpkg.vif'.
Linking 'C:\Program Files\Cypress\Warp\lib\common\stdlogic\rtlpkg.vif'.
Linking 'C:\Program Files\Cypress\Warp\lib\common\stdlogic\mod_cnst.vif'.
Linking 'C:\Program Files\Cypress\Warp\lib\common\stdlogic\syntocyp.vif'.
State variable 'act' is represented by a Bit_vector (0 to 2).
State encoding (sequential) for 'act' is:
	q0 :=	b"000";
	q1 :=	b"001";
	q2 :=	b"010";
	q3 :=	b"011";
	q4 :=	b"100";
	q5 :=	b"101";
	q6 :=	b"110";
	q7 :=	b"111";
State variable 'sig' is represented by a Bit_vector (0 to 2).
State encoding (sequential) for 'sig' is:
	q0 :=	b"000";
	q1 :=	b"001";
	q2 :=	b"010";
	q3 :=	b"011";
	q4 :=	b"100";
	q5 :=	b"101";
	q6 :=	b"110";
	q7 :=	b"111";
Linking 'C:\Program Files\Cypress\Warp\lib\lc22v10\stdlogic\c22v10.vif'.

----------------------------------------------------------
Detecting unused logic.
----------------------------------------------------------



------------------------------------------------------
Alias Detection
------------------------------------------------------

------------------------------------------------------
Aliased 0 equations, 88 wires.
------------------------------------------------------

----------------------------------------------------------
Circuit simplification
----------------------------------------------------------

----------------------------------------------------------
Circuit simplification results:

	Expanded 42 signals.
	Turned 0 signals into soft nodes.
	Maximum default expansion cost was set at 10.
----------------------------------------------------------

------------------------------------------------------
Alias Detection
------------------------------------------------------

------------------------------------------------------
Aliased 0 equations, 0 wires.
------------------------------------------------------
Created 158 PLD nodes.

topld:  No errors.

----------------------------------------------------------------------------
PLD Optimizer Software:       DSGNOPT.EXE    31/03/2000  [v4.02 ] 6.3 IR 35

DESIGN HEADER INFORMATION  (14:53:01)

Input File(s): p10-1.pla
Device       : C22V10
Package      : palce22v10-15pc
ReportFile   : p10-1.rpt

Program Controls:
    COMMAND LANGUAGE_VHDL 
    COMMAND PROPERTY BUS_HOLD ENABLE 

Signal Requests:
    GROUP USEPOL ALL
    GROUP FAST_SLEW ALL

Completed Successfully  
----------------------------------------------------------------------------
PLD Optimizer Software:       DSGNOPT.EXE    31/03/2000  [v4.02 ] 6.3 IR 35

OPTIMIZATION OPTIONS       (14:53:01)

Messages:
  Information: Process virtual '\dec(0)D\'\dec(0)D\ ... expanded.
  Information: Process virtual '\dec(1)D\'\dec(1)D\ ... expanded.
  Information: Process virtual '\dec(2)D\'\dec(2)D\ ... expanded.
  Information: Process virtual '\uni(0)D\'\uni(0)D\ ... expanded.
  Information: Process virtual '\uni(1)D\'\uni(1)D\ ... expanded.
  Information: Process virtual '\uni(2)D\'\uni(2)D\ ... expanded.
  Information: Process virtual '\uni(3)D\'\uni(3)D\ ... expanded.
  Information: Process virtual 'sigSBV_2'sigSBV_2 ... expanded.
  Information: Process virtual 'actSBV_2' ... converted to NODE.
  Information: Process virtual 'sigSBV_1'sigSBV_1 ... expanded.
  Information: Process virtual 'actSBV_1' ... converted to NODE.
  Information: Process virtual 'sigSBV_0'sigSBV_0 ... expanded.
  Information: Process virtual 'actSBV_0' ... converted to NODE.
  Information: Optimizing logic using best output polarity for signals:
         actSBV_0.D actSBV_1.D actSBV_2.D dec(0).D dec(1).D dec(2).D uni(0).D
         uni(1).D uni(2).D uni(3).D

  Information: Selected logic optimization OFF for signals:
         actSBV_0.AR actSBV_0.C actSBV_1.AR actSBV_1.C actSBV_2.AR actSBV_2.C
         dec(0).AR dec(0).C dec(1).AR dec(1).C dec(2).AR dec(2).C uni(0).AR
         uni(0).C uni(1).AR uni(1).C uni(2).AR uni(2).C uni(3).AR uni(3).C



Summary:
                 Error Count = 0      Warning Count = 0

Completed Successfully  
----------------------------------------------------------------------------
PLD Optimizer Software:       MINOPT.EXE     01/NOV/1999  [v4.02 ] 6.3 IR 35

LOGIC MINIMIZATION         ()

Messages:


Summary:
                 Error Count = 0      Warning Count = 0

Completed Successfully
----------------------------------------------------------------------------
PLD Optimizer Software:       DSGNOPT.EXE    31/03/2000  [v4.02 ] 6.3 IR 35

OPTIMIZATION OPTIONS       (14:53:01)

Messages:
  Information: Optimizing Banked Preset/Reset requirements.


Summary:
                 Error Count = 0      Warning Count = 0

Completed Successfully  
----------------------------------------------------------------------------
PLD Compiler Software:        PLA2JED.EXE    31/03/2000  [v4.02 ] 6.3 IR 35

<CYPRESSTAG name="Equations" icon=FILE_RPT_EQUATION>
DESIGN EQUATIONS           (14:53:01)
</CYPRESSTAG>

    actSBV_0.D =
          actSBV_0.Q * /actSBV_1.Q * actSBV_2.Q * sen(1) 
        + actSBV_0.Q * actSBV_1.Q * /actSBV_2.Q * sen(1) 
        + /actSBV_1.Q * /actSBV_2.Q * sen(0) 
        + /actSBV_1.Q * sen(0) * /sen(1) 
        + actSBV_0.Q * sen(0) 

    actSBV_0.AR =
          clr 

    actSBV_0.SP =
          GND

    actSBV_0.C =
          clk 

    actSBV_1.D =
          actSBV_0.Q * /actSBV_1.Q * actSBV_2.Q * /sen(0) * sen(1) 
        + actSBV_0.Q * actSBV_1.Q * /actSBV_2.Q * /sen(0) * sen(1) 
        + actSBV_1.Q * actSBV_2.Q * sen(0) * sen(1) 
        + /actSBV_0.Q * sen(0) * sen(1) 
        + /actSBV_0.Q * actSBV_1.Q * sen(0) 

    actSBV_1.AR =
          clr 

    actSBV_1.SP =
          GND

    actSBV_1.C =
          clk 

    actSBV_2.D =
          actSBV_1.Q * actSBV_2.Q * /sen(0) * sen(1) 
        + /actSBV_0.Q * actSBV_1.Q * sen(0) * /sen(1) 
        + actSBV_0.Q * sen(0) * sen(1) 
        + /actSBV_1.Q * /actSBV_2.Q * sen(1) 
        + /actSBV_0.Q * /sen(0) * sen(1) 

    actSBV_2.AR =
          clr 

    actSBV_2.SP =
          GND

    actSBV_2.C =
          clk 

    dec(0).D =
          /actSBV_0.Q * actSBV_1.Q * actSBV_2.Q * /dec(0).Q * /sen(0) * 
          uni(0).Q * /uni(1).Q * /uni(2).Q * uni(3).Q 
        + actSBV_0.Q * actSBV_1.Q * /actSBV_2.Q * /dec(0).Q * /sen(1) * 
          /uni(0).Q * /uni(1).Q * /uni(2).Q * /uni(3).Q 
        + actSBV_2.Q * dec(0).Q * sen(0) 
        + actSBV_0.Q * actSBV_2.Q * dec(0).Q 
        + /actSBV_2.Q * dec(0).Q * uni(3).Q 
        + /actSBV_0.Q * dec(0).Q * /uni(0).Q 
        + dec(0).Q * uni(0).Q * /uni(3).Q 
        + dec(0).Q * sen(1) * /uni(3).Q 
        + dec(0).Q * uni(2).Q 
        + dec(0).Q * uni(1).Q 
        + /actSBV_1.Q * dec(0).Q 

    dec(0).AR =
          clr 

    dec(0).SP =
          GND

    dec(0).C =
          clk 

    dec(1).D =
          /actSBV_0.Q * actSBV_1.Q * actSBV_2.Q * dec(0).Q * /dec(1).Q * 
          /sen(0) * uni(0).Q * /uni(1).Q * /uni(2).Q * uni(3).Q 
        + actSBV_0.Q * actSBV_1.Q * /actSBV_2.Q * /dec(0).Q * /dec(1).Q * 
          /sen(1) * /uni(0).Q * /uni(1).Q * /uni(2).Q * /uni(3).Q 
        + dec(1).Q * sen(0) * uni(3).Q 
        + actSBV_0.Q * dec(0).Q * dec(1).Q 
        + /actSBV_2.Q * dec(1).Q * uni(3).Q 
        + /dec(0).Q * dec(1).Q * uni(0).Q 
        + actSBV_2.Q * dec(1).Q * /uni(0).Q 
        + dec(1).Q * sen(1) * /uni(3).Q 
        + /actSBV_0.Q * dec(1).Q * /uni(3).Q 
        + dec(1).Q * uni(2).Q 
        + dec(1).Q * uni(1).Q 
        + /actSBV_1.Q * dec(1).Q 

    dec(1).AR =
          clr 

    dec(1).SP =
          GND

    dec(1).C =
          clk 

    dec(2).D =
          /actSBV_0.Q * actSBV_1.Q * actSBV_2.Q * dec(0).Q * dec(1).Q * 
          /dec(2).Q * /sen(0) * uni(0).Q * /uni(1).Q * /uni(2).Q * 
          uni(3).Q 
        + actSBV_0.Q * actSBV_1.Q * /actSBV_2.Q * /dec(0).Q * /dec(1).Q * 
          /dec(2).Q * /sen(1) * /uni(0).Q * /uni(1).Q * /uni(2).Q * 
          /uni(3).Q 
        + dec(2).Q * sen(0) * uni(3).Q 
        + actSBV_0.Q * dec(1).Q * dec(2).Q 
        + /actSBV_2.Q * dec(2).Q * uni(3).Q 
        + /actSBV_0.Q * /dec(0).Q * dec(2).Q 
        + /dec(1).Q * dec(2).Q * uni(0).Q 
        + actSBV_2.Q * dec(2).Q * /uni(0).Q 
        + dec(2).Q * sen(1) * /uni(3).Q 
        + dec(0).Q * dec(2).Q * /uni(3).Q 
        + dec(2).Q * uni(2).Q 
        + dec(2).Q * uni(1).Q 
        + /actSBV_1.Q * dec(2).Q 

    dec(2).AR =
          clr 

    dec(2).SP =
          GND

    dec(2).C =
          clk 

    uni(0).D =
          /actSBV_0.Q * actSBV_1.Q * actSBV_2.Q * /sen(0) * /uni(0).Q 
        + actSBV_0.Q * actSBV_1.Q * /actSBV_2.Q * /sen(1) * /uni(0).Q 
        + actSBV_2.Q * sen(0) * uni(0).Q 
        + actSBV_0.Q * actSBV_2.Q * uni(0).Q 
        + /actSBV_2.Q * sen(1) * uni(0).Q 
        + /actSBV_0.Q * /actSBV_2.Q * uni(0).Q 
        + /actSBV_1.Q * uni(0).Q 

    uni(0).AR =
          clr 

    uni(0).SP =
          GND

    uni(0).C =
          clk 

    uni(1).D =
          /actSBV_0.Q * actSBV_1.Q * actSBV_2.Q * /sen(0) * uni(0).Q * 
          /uni(1).Q * uni(2).Q 
        + actSBV_0.Q * actSBV_1.Q * /actSBV_2.Q * /sen(1) * /uni(0).Q * 
          /uni(1).Q * uni(3).Q 
        + actSBV_0.Q * actSBV_1.Q * /actSBV_2.Q * /sen(1) * /uni(0).Q * 
          /uni(1).Q * uni(2).Q 
        + /actSBV_0.Q * actSBV_1.Q * actSBV_2.Q * /sen(0) * uni(0).Q * 
          /uni(1).Q * /uni(3).Q 
        + sen(0) * uni(0).Q * uni(1).Q 
        + actSBV_0.Q * uni(0).Q * uni(1).Q 
        + /actSBV_2.Q * sen(1) * uni(1).Q 
        + /actSBV_0.Q * /actSBV_2.Q * uni(1).Q 
        + actSBV_2.Q * /uni(0).Q * uni(1).Q 
        + /actSBV_1.Q * uni(1).Q 

    uni(1).AR =
          clr 

    uni(1).SP =
          GND

    uni(1).C =
          clk 

    uni(2).D =
          actSBV_0.Q * actSBV_1.Q * /actSBV_2.Q * /sen(1) * /uni(0).Q * 
          /uni(1).Q * /uni(2).Q * uni(3).Q 
        + /actSBV_0.Q * actSBV_1.Q * actSBV_2.Q * /sen(0) * uni(0).Q * 
          uni(1).Q * /uni(2).Q 
        + actSBV_2.Q * sen(0) * uni(2).Q 
        + actSBV_0.Q * actSBV_2.Q * uni(2).Q 
        + /actSBV_2.Q * uni(1).Q * uni(2).Q 
        + /actSBV_0.Q * /uni(0).Q * uni(2).Q 
        + uni(0).Q * /uni(1).Q * uni(2).Q 
        + sen(1) * /uni(1).Q * uni(2).Q 
        + /actSBV_1.Q * uni(2).Q 

    uni(2).AR =
          clr 

    uni(2).SP =
          GND

    uni(2).C =
          clk 

    uni(3).D =
          /actSBV_0.Q * actSBV_1.Q * actSBV_2.Q * /sen(0) * uni(0).Q * 
          uni(1).Q * uni(2).Q * /uni(3).Q 
        + actSBV_0.Q * actSBV_1.Q * /actSBV_2.Q * /sen(1) * /uni(0).Q * 
          /uni(1).Q * /uni(2).Q * /uni(3).Q 
        + sen(0) * uni(0).Q * uni(3).Q 
        + actSBV_0.Q * uni(0).Q * uni(3).Q 
        + /actSBV_2.Q * uni(2).Q * uni(3).Q 
        + /actSBV_2.Q * sen(1) * uni(3).Q 
        + /actSBV_0.Q * /actSBV_2.Q * uni(3).Q 
        + actSBV_2.Q * /uni(0).Q * uni(3).Q 
        + /uni(1).Q * uni(2).Q * uni(3).Q 
        + uni(1).Q * /uni(2).Q * uni(3).Q 
        + /actSBV_1.Q * uni(3).Q 

    uni(3).AR =
          clr 

    uni(3).SP =
          GND

    uni(3).C =
          clk 


Completed Successfully  
----------------------------------------------------------------------------
PLD Compiler Software:        PLA2JED.EXE    31/03/2000  [v4.02 ] 6.3 IR 35

DESIGN RULE CHECK          (14:53:01)

Messages:
                 None.


Summary:
                 Error Count = 0      Warning Count = 0

Completed Successfully  
----------------------------------------------------------------------------
PLD Compiler Software:        PLA2JED.EXE    31/03/2000  [v4.02 ] 6.3 IR 35

<CYPRESSTAG name="Pinout" icon=FILE_RPT_PINOUT>
PINOUT INFORMATION   (14:53:01)
</CYPRESSTAG>
Messages:
  Information: Checking for duplicate NODE logic.
                 None.


                                 C22V10
                 __________________________________________
            clk =| 1|                                  |24|* not used       
         sen(1) =| 2|                                  |23|= (actSBV_2)     
         sen(0) =| 3|                                  |22|= uni(2)         
            clr =| 4|                                  |21|= uni(3)         
       not used *| 5|                                  |20|= dec(0)         
       not used *| 6|                                  |19|= (actSBV_0)     
       not used *| 7|                                  |18|= (actSBV_1)     
       not used *| 8|                                  |17|= dec(2)         
       not used *| 9|                                  |16|= dec(1)         
       not used *|10|                                  |15|= uni(1)         
       not used *|11|                                  |14|= uni(0)         
       not used *|12|                                  |13|* not used       
                 __________________________________________


Summary:
                 Error Count = 0      Warning Count = 0

Completed Successfully  
----------------------------------------------------------------------------
PLD Compiler Software:        PLA2JED.EXE    31/03/2000  [v4.02 ] 6.3 IR 35

<CYPRESSTAG name="Utilization" icon=FILE_RPT_UTILIZATION>
RESOURCE UTILIZATION (14:53:01)
</CYPRESSTAG>
  Information: Macrocell Utilization.

                     Description        Used     Max
                 ______________________________________
                 | Dedicated Inputs   |    3  |   11  |
                 | Clock/Inputs       |    1  |    1  |
                 | I/O Macrocells     |   10  |   10  |
                 ______________________________________
                                          14  /   22   = 63  %


  Information: Output Logic Product Term Utilization.

                  Node#  Output Signal Name  Used   Max
                 ________________________________________
                 | 14  |  uni(0)          |   7  |   8  |
                 | 15  |  uni(1)          |  10  |  10  |
                 | 16  |  dec(1)          |  12  |  12  |
                 | 17  |  dec(2)          |  13  |  14  |
                 | 18  |  actSBV_1        |   5  |  16  |
                 | 19  |  actSBV_0        |   5  |  16  |
                 | 20  |  dec(0)          |  11  |  14  |
                 | 21  |  uni(3)          |  11  |  12  |
                 | 22  |  uni(2)          |   9  |  10  |
                 | 23  |  actSBV_2        |   5  |   8  |
                 | 25  |  Unused          |   0  |   1  |
                 ________________________________________
                                             88  / 121   = 72  %


Completed Successfully  
----------------------------------------------------------------------------
PLD Compiler Software:        PLA2JED.EXE    31/03/2000  [v4.02 ] 6.3 IR 35

JEDEC ASSEMBLE             (14:53:01)

Messages:
  Information: Output file 'p10-1.pin' created.
  Information: Output file 'p10-1.jed' created.

  Usercode:    
  Checksum:    CE73



Summary:
                 Error Count = 0      Warning Count = 0

Completed Successfully at 14:53:01
