synthesis:  version Diamond (64-bit) 3.11.0.396.4

Copyright (c) 1991-1994 by NeoCAD Inc. All rights reserved.
Copyright (c) 1995 AT&T Corp.   All rights reserved.
Copyright (c) 1995-2001 Lucent Technologies Inc.  All rights reserved.
Copyright (c) 2001 Agere Systems   All rights reserved.
Copyright (c) 2002-2019 Lattice Semiconductor Corporation,  All rights reserved.
Thu Jan 30 21:58:24 2020


Command Line:  synthesis -f sieteseg_impl1_lattice.synproj -gui -msgset D:/Desktop/Diseno de Sistemas Digitales/Experimentos/7seg/promote.xml 

Synthesis options:
The -a option is MachXO2.
The -s option is 5.
The -t option is TQFP144.
The -d option is LCMXO2-7000HE.
Using package TQFP144.
Using performance grade 5.
                                                          

##########################################################

### Lattice Family : MachXO2

### Device  : LCMXO2-7000HE

### Package : TQFP144

### Speed   : 5

##########################################################

                                                          

INFO - synthesis: User-Selected Strategy Settings
Optimization goal = Balanced
The -top option is not used.
Target frequency = 200.000000 MHz.
Maximum fanout = 1000.
Timing path count = 3
BRAM utilization = 100.000000 %
DSP usage = true
DSP utilization = 100.000000 %
fsm_encoding_style = auto
resolve_mixed_drivers = 0
fix_gated_clocks = 1

Mux style = Auto
Use Carry Chain = true
carry_chain_length = 0
Loop Limit = 1950.
Use IO Insertion = TRUE
Use IO Reg = AUTO

Resource Sharing = TRUE
Propagate Constants = TRUE
Remove Duplicate Registers = TRUE
force_gsr = auto
ROM style = auto
RAM style = auto
The -comp option is FALSE.
The -syn option is FALSE.
-p D:/diamond/3.11_x64/ispfpga/xo2c00/data (searchpath added)
-p D:/Desktop/Diseno de Sistemas Digitales/Experimentos/7seg/impl1 (searchpath added)
-p D:/Desktop/Diseno de Sistemas Digitales/Experimentos/7seg (searchpath added)
VHDL library = work
VHDL design file = D:/Desktop/Diseno de Sistemas Digitales/Experimentos/7seg/sietesegm.vhd
NGD file = sieteseg_impl1.ngd
-sdc option: SDC file input not used.
-lpf option: Output file option is ON.
Hardtimer checking is enabled (default). The -dt option is not used.
The -r option is OFF. [ Remove LOC Properties is OFF. ]
Technology check ok...

Analyzing Verilog file D:/diamond/3.11_x64/ispfpga/userware/NT/SYNTHESIS_HEADERS/machxo2.v. VERI-1482
Compile design.
Compile Design Begin
WARNING - synthesis: Setting sieteSegmentos as the top-level module. To specify the top-level module explicitly, use the -top option.
INFO - synthesis: The default VHDL library search path is now "D:/Desktop/Diseno de Sistemas Digitales/Experimentos/7seg/impl1". VHDL-1504
Analyzing VHDL file d:/desktop/diseno de sistemas digitales/experimentos/7seg/sietesegm.vhd. VHDL-1481
WARNING - synthesis: d:/desktop/diseno de sistemas digitales/experimentos/7seg/sietesegm.vhd(4): 'components' is not compiled in library lattice. VHDL-1240
INFO - synthesis: d:/desktop/diseno de sistemas digitales/experimentos/7seg/sietesegm.vhd(6): analyzing entity sietesegmentos. VHDL-1012
INFO - synthesis: d:/desktop/diseno de sistemas digitales/experimentos/7seg/sietesegm.vhd(21): analyzing architecture sietesegmentosarq. VHDL-1010
unit sieteSegmentos is not yet analyzed. VHDL-1485
unit sieteSegmentos is not yet analyzed. VHDL-1485
Analyzing VHDL file d:/desktop/diseno de sistemas digitales/experimentos/7seg/sietesegm.vhd. VHDL-1481
WARNING - synthesis: d:/desktop/diseno de sistemas digitales/experimentos/7seg/sietesegm.vhd(4): 'components' is not compiled in library lattice. VHDL-1240
INFO - synthesis: d:/desktop/diseno de sistemas digitales/experimentos/7seg/sietesegm.vhd(6): analyzing entity sietesegmentos. VHDL-1012
INFO - synthesis: d:/desktop/diseno de sistemas digitales/experimentos/7seg/sietesegm.vhd(21): analyzing architecture sietesegmentosarq. VHDL-1010
unit sieteSegmentos is not yet analyzed. VHDL-1485
unit sieteSegmentos is not yet analyzed. VHDL-1485
unit sieteSegmentos is not yet analyzed. VHDL-1485
d:/desktop/diseno de sistemas digitales/experimentos/7seg/sietesegm.vhd(6): executing sieteSegmentos(sieteSegmentosArq)

WARNING - synthesis: d:/desktop/diseno de sistemas digitales/experimentos/7seg/sietesegm.vhd(19): replacing existing netlist sieteSegmentos(sieteSegmentosArq). VHDL-1205
Top module name (VHDL): sieteSegmentos
Loading NGL library 'D:/diamond/3.11_x64/ispfpga/xo2c00a/data/xo2alib.ngl'...
Loading NGL library 'D:/diamond/3.11_x64/ispfpga/xo2c00/data/xo2clib.ngl'...
Loading NGL library 'D:/diamond/3.11_x64/ispfpga/mg5g00/data/mg5glib.ngl'...
Loading NGL library 'D:/diamond/3.11_x64/ispfpga/or5g00/data/orc5glib.ngl'...
Loading device for application map from file 'xo2c7000.nph' in environment: D:/diamond/3.11_x64/ispfpga.
Package Status:                     Final          Version 1.39.
Top-level module name = sieteSegmentos.



GSR will not be inferred because no asynchronous signal was found in the netlist.
Applying 200.000000 MHz constraint to all clocks

WARNING - synthesis: No user .sdc file.
Results of NGD DRC are available in sieteSegmentos_drc.log.
Loading NGL library 'D:/diamond/3.11_x64/ispfpga/xo2c00a/data/xo2alib.ngl'...
Loading NGL library 'D:/diamond/3.11_x64/ispfpga/xo2c00/data/xo2clib.ngl'...
Loading NGL library 'D:/diamond/3.11_x64/ispfpga/mg5g00/data/mg5glib.ngl'...
Loading NGL library 'D:/diamond/3.11_x64/ispfpga/or5g00/data/orc5glib.ngl'...
WARNING - synthesis: logical net 'GND_net' has no load.
WARNING - synthesis: DRC complete with 1 warnings.
All blocks are expanded and NGD expansion is successful.
Writing NGD file sieteseg_impl1.ngd.

################### Begin Area Report (sieteSegmentos)######################
Number of register bits => 0 of 7209 (0 % )
GSR => 1
IB => 4
LUT4 => 7
OB => 7
################### End Area Report ##################

################### Begin BlackBox Report ######################
TSALL => 1
################### End BlackBox Report ##################

################### Begin Clock Report ######################
Clock Nets
Number of Clocks: 0
Clock Enable Nets
Number of Clock Enables: 0
Top 0 highest fanout Clock Enables:
Highest fanout non-clock nets
Top 10 highest fanout non-clock nets:
  Net : I0_c, loads : 7
  Net : I1_c, loads : 7
  Net : I2_c, loads : 7
  Net : I3_c, loads : 4
  Net : a_c, loads : 1
  Net : b_c, loads : 1
  Net : c_c, loads : 1
  Net : d_c, loads : 1
  Net : e_c, loads : 1
  Net : f_c, loads : 1
################### End Clock Report ##################

Peak Memory Usage: 73.348  MB

--------------------------------------------------------------
Elapsed CPU time for LSE flow : 0.672  secs
--------------------------------------------------------------
